#
# A fatal error has been detected by the Java Runtime Environment:
#
#  EXCEPTION_ACCESS_VIOLATION (0xc0000005) at pc=0x00000000674ae9e0, pid=6908, tid=0x00000000000015cc
#
# JRE version: Java(TM) SE Runtime Environment (8.0_151-b12) (build 1.8.0_151-b12)
# Java VM: Java HotSpot(TM) 64-Bit Server VM (25.151-b12 mixed mode windows-amd64 compressed oops)
# Problematic frame:
# V  [jvm.dll+0x50e9e0]
#
# Failed to write core dump. Minidumps are not enabled by default on client versions of Windows
#
# If you would like to submit a bug report, please visit:
#   http://bugreport.java.com/bugreport/crash.jsp
#

---------------  T H R E A D  ---------------

Current thread (0x000000001c16b000):  JavaThread "C2 CompilerThread0" daemon [_thread_in_native, id=5580, stack(0x000000001d8d0000,0x000000001d9d0000)]

siginfo: ExceptionCode=0xc0000005, reading address 0x0000000000000068

Registers:
RAX=0x0000000000000000, RBX=0x000000000000047b, RCX=0x000000001da0ac40, RDX=0x000000001d9ced28
RSP=0x000000001d9cbd10, RBP=0x000000001d9cbd89, RSI=0x000000001d9cc990, RDI=0x00000000000023d8
R8 =0x00000000676199c8, R9 =0x0000000000000000, R10=0x000000001eade5c8, R11=0x000000001f875c58
R12=0x000000001da0ad80, R13=0x000000000000000f, R14=0x000000000000079c, R15=0x000000001f9dc128
RIP=0x00000000674ae9e0, EFLAGS=0x0000000000010202

Top of Stack: (sp=0x000000001d9cbd10)
0x000000001d9cbd10:   000000000000044a 000000001d9cc990
0x000000001d9cbd20:   000000001d9d68a0 000000007fffffff
0x000000001d9cbd30:   000000001d9cc990 00000000674118b6
0x000000001d9cbd40:   000000001d9cbd89 0000000021226c98
0x000000001d9cbd50:   000000001d9ceac0 00000000220c2030
0x000000001d9cbd60:   000000001c1674d0 0000000000000800
0x000000001d9cbd70:   000000001f9d4de0 000000000000079c
0x000000001d9cbd80:   0000000067618238 000000001c1674d0
0x000000001d9cbd90:   0000000000000080 000000001f9d4be0
0x000000001d9cbda0:   0000000000000000 00000000674af6ea
0x000000001d9cbdb0:   000000001f9dc128 000000001d9ceac0
0x000000001d9cbdc0:   000000001f9d4140 000000001d9ceac0
0x000000001d9cbdd0:   000000001f9d48c0 000000001c1674d0
0x000000001d9cbde0:   000000001d9cbef0 0000000067414f47
0x000000001d9cbdf0:   0000000000018360 000000001d9cc990
0x000000001d9cbe00:   000000000000000f 000000001c1674d0 

Instructions: (pc=0x00000000674ae9e0)
0x00000000674ae9c0:   64 24 40 8b fb 66 66 66 0f 1f 84 00 00 00 00 00
0x00000000674ae9d0:   48 8b 46 50 48 8b 0c 07 48 85 c9 74 21 48 8b 01
0x00000000674ae9e0:   ff 50 68 4c 8b e0 3b 5e 48 72 0b 48 8d 4e 40 8b
0x00000000674ae9f0:   d3 e8 2a e8 ff ff 48 8b 4e 50 4c 89 24 0f ff c3 


Register to memory mapping:

RAX=0x0000000000000000 is an unknown value
RBX=0x000000000000047b is an unknown value
RCX=0x000000001da0ac40 is an unknown value
RDX=0x000000001d9ced28 is pointing into the stack for thread: 0x000000001c16b000
RSP=0x000000001d9cbd10 is pointing into the stack for thread: 0x000000001c16b000
RBP=0x000000001d9cbd89 is pointing into the stack for thread: 0x000000001c16b000
RSI=0x000000001d9cc990 is pointing into the stack for thread: 0x000000001c16b000
RDI=0x00000000000023d8 is an unknown value
R8 =0x00000000676199c8 is an unknown value
R9 =0x0000000000000000 is an unknown value
R10=0x000000001eade5c8 is an unknown value
R11=0x000000001f875c58 is an unknown value
R12=0x000000001da0ad80 is an unknown value
R13=0x000000000000000f is an unknown value
R14=0x000000000000079c is an unknown value
R15=0x000000001f9dc128 is an unknown value


Stack: [0x000000001d8d0000,0x000000001d9d0000],  sp=0x000000001d9cbd10,  free space=1007k
Native frames: (J=compiled Java code, j=interpreted, Vv=VM code, C=native code)
V  [jvm.dll+0x50e9e0]
V  [jvm.dll+0x4718b6]
V  [jvm.dll+0x474f47]
V  [jvm.dll+0x476973]
V  [jvm.dll+0x459422]
V  [jvm.dll+0xa5be2]
V  [jvm.dll+0xa651f]
V  [jvm.dll+0x244adf]
V  [jvm.dll+0x29c3ea]
C  [msvcr100.dll+0x21d9f]
C  [msvcr100.dll+0x21e3b]
C  [kernel32.dll+0x1652d]
C  [ntdll.dll+0x2c521]


Current CompileTask:
C2:   4091 2911   !   4       sun.misc.URLClassPath$JarLoader::getResource (85 bytes)


---------------  P R O C E S S  ---------------

Java Threads: ( => current thread )
  0x000000001da4d000 JavaThread "Service Thread" daemon [_thread_blocked, id=5976, stack(0x000000001e030000,0x000000001e130000)]
  0x000000001d9d8000 JavaThread "C1 CompilerThread2" daemon [_thread_blocked, id=6212, stack(0x000000001dee0000,0x000000001dfe0000)]
  0x000000001d9d3000 JavaThread "C2 CompilerThread1" daemon [_thread_in_native, id=6232, stack(0x000000001d750000,0x000000001d850000)]
=>0x000000001c16b000 JavaThread "C2 CompilerThread0" daemon [_thread_in_native, id=5580, stack(0x000000001d8d0000,0x000000001d9d0000)]
  0x000000001c166800 JavaThread "Attach Listener" daemon [_thread_blocked, id=4616, stack(0x000000001d640000,0x000000001d740000)]
  0x000000001c165000 JavaThread "Signal Dispatcher" daemon [_thread_blocked, id=7040, stack(0x000000001d080000,0x000000001d180000)]
  0x000000001c149800 JavaThread "Finalizer" daemon [_thread_blocked, id=4296, stack(0x000000001d520000,0x000000001d620000)]
  0x000000001c102000 JavaThread "Reference Handler" daemon [_thread_blocked, id=5548, stack(0x000000001d3c0000,0x000000001d4c0000)]
  0x000000000233f000 JavaThread "main" [_thread_in_native_trans, id=6924, stack(0x00000000023f0000,0x00000000024f0000)]

Other Threads:
  0x000000001c0fa800 VMThread [stack: 0x000000001d1c0000,0x000000001d2c0000] [id=3724]
  0x000000001da72000 WatcherThread [stack: 0x000000001e290000,0x000000001e390000] [id=2396]

VM state:not at safepoint (normal execution)

VM Mutex/Monitor currently owned by a thread: None

Heap:
 PSYoungGen      total 76288K, used 63690K [0x000000076b200000, 0x0000000774700000, 0x00000007c0000000)
  eden space 65536K, 82% used [0x000000076b200000,0x000000076e6a3748,0x000000076f200000)
  from space 10752K, 91% used [0x000000076fc80000,0x000000077060f2c0,0x0000000770700000)
  to   space 10752K, 0% used [0x000000076f200000,0x000000076f200000,0x000000076fc80000)
 ParOldGen       total 175104K, used 24K [0x00000006c1600000, 0x00000006cc100000, 0x000000076b200000)
  object space 175104K, 0% used [0x00000006c1600000,0x00000006c1606000,0x00000006cc100000)
 Metaspace       used 18140K, capacity 18592K, committed 18816K, reserved 1064960K
  class space    used 2215K, capacity 2361K, committed 2432K, reserved 1048576K

Card table byte_map: [0x0000000011b80000,0x0000000012380000] byte_map_base: 0x000000000e575000

Marking Bits: (ParMarkBitMap*) 0x00000000677bd850
 Begin Bits: [0x0000000013020000, 0x0000000016fc8000)
 End Bits:   [0x0000000016fc8000, 0x000000001af70000)

Polling page: 0x0000000000120000

CodeCache: size=245760Kb used=9706Kb max_used=9717Kb free=236053Kb
 bounds [0x00000000027c0000, 0x0000000003150000, 0x00000000117c0000]
 total_blobs=3306 nmethods=2935 adapters=283
 compilation: enabled

Compilation events (10 events):
Event: 4.069 Thread 0x000000001d9d8000 nmethod 2957 0x0000000003129c90 code [0x0000000003129de0, 0x0000000003129f70]
Event: 4.069 Thread 0x000000001d9d8000 2959       2       com.google.inject.name.NamedImpl::equals (28 bytes)
Event: 4.069 Thread 0x000000001d9d8000 nmethod 2959 0x0000000003129790 code [0x0000000003129900, 0x0000000003129b78]
Event: 4.069 Thread 0x000000001d9d8000 2958       1       org.eclipse.sisu.inject.DefaultRankingFunction::maxRank (3 bytes)
Event: 4.069 Thread 0x000000001d9d8000 nmethod 2958 0x00000000031294d0 code [0x0000000003129620, 0x0000000003129730]
Event: 4.070 Thread 0x000000001d9d8000 2960       2       org.eclipse.sisu.inject.RankedSequence$Itr::hasNext (116 bytes)
Event: 4.071 Thread 0x000000001d9d8000 nmethod 2960 0x0000000003128ed0 code [0x0000000003129040, 0x0000000003129368]
Event: 4.071 Thread 0x000000001d9d8000 2961       2       org.eclipse.sisu.inject.RankedSequence::removeThis (43 bytes)
Event: 4.071 Thread 0x000000001d9d8000 nmethod 2961 0x0000000003128850 code [0x00000000031289c0, 0x0000000003128ce8]
Event: 4.074 Thread 0x000000001d9d8000 2962       2       java.lang.Class::privateGetPublicMethods (267 bytes)

GC Heap History (4 events):
Event: 1.317 GC heap before
{Heap before GC invocations=1 (full 0):
 PSYoungGen      total 76288K, used 65536K [0x000000076b200000, 0x0000000770700000, 0x00000007c0000000)
  eden space 65536K, 100% used [0x000000076b200000,0x000000076f200000,0x000000076f200000)
  from space 10752K, 0% used [0x000000076fc80000,0x000000076fc80000,0x0000000770700000)
  to   space 10752K, 0% used [0x000000076f200000,0x000000076f200000,0x000000076fc80000)
 ParOldGen       total 175104K, used 0K [0x00000006c1600000, 0x00000006cc100000, 0x000000076b200000)
  object space 175104K, 0% used [0x00000006c1600000,0x00000006c1600000,0x00000006cc100000)
 Metaspace       used 10377K, capacity 10558K, committed 10752K, reserved 1058816K
  class space    used 1298K, capacity 1411K, committed 1536K, reserved 1048576K
Event: 1.327 GC heap after
Heap after GC invocations=1 (full 0):
 PSYoungGen      total 76288K, used 8212K [0x000000076b200000, 0x0000000770700000, 0x00000007c0000000)
  eden space 65536K, 0% used [0x000000076b200000,0x000000076b200000,0x000000076f200000)
  from space 10752K, 76% used [0x000000076f200000,0x000000076fa050c8,0x000000076fc80000)
  to   space 10752K, 0% used [0x000000076fc80000,0x000000076fc80000,0x0000000770700000)
 ParOldGen       total 175104K, used 16K [0x00000006c1600000, 0x00000006cc100000, 0x000000076b200000)
  object space 175104K, 0% used [0x00000006c1600000,0x00000006c1604000,0x00000006cc100000)
 Metaspace       used 10377K, capacity 10558K, committed 10752K, reserved 1058816K
  class space    used 1298K, capacity 1411K, committed 1536K, reserved 1048576K
}
Event: 2.903 GC heap before
{Heap before GC invocations=2 (full 0):
 PSYoungGen      total 76288K, used 73748K [0x000000076b200000, 0x0000000770700000, 0x00000007c0000000)
  eden space 65536K, 100% used [0x000000076b200000,0x000000076f200000,0x000000076f200000)
  from space 10752K, 76% used [0x000000076f200000,0x000000076fa050c8,0x000000076fc80000)
  to   space 10752K, 0% used [0x000000076fc80000,0x000000076fc80000,0x0000000770700000)
 ParOldGen       total 175104K, used 16K [0x00000006c1600000, 0x00000006cc100000, 0x000000076b200000)
  object space 175104K, 0% used [0x00000006c1600000,0x00000006c1604000,0x00000006cc100000)
 Metaspace       used 14978K, capacity 15246K, committed 15488K, reserved 1062912K
  class space    used 1819K, capacity 1909K, committed 1920K, reserved 1048576K
Event: 2.973 GC heap after
Heap after GC invocations=2 (full 0):
 PSYoungGen      total 76288K, used 9788K [0x000000076b200000, 0x0000000774700000, 0x00000007c0000000)
  eden space 65536K, 0% used [0x000000076b200000,0x000000076b200000,0x000000076f200000)
  from space 10752K, 91% used [0x000000076fc80000,0x000000077060f2c0,0x0000000770700000)
  to   space 10752K, 0% used [0x000000076f200000,0x000000076f200000,0x000000076fc80000)
 ParOldGen       total 175104K, used 24K [0x00000006c1600000, 0x00000006cc100000, 0x000000076b200000)
  object space 175104K, 0% used [0x00000006c1600000,0x00000006c1606000,0x00000006cc100000)
 Metaspace       used 14978K, capacity 15246K, committed 15488K, reserved 1062912K
  class space    used 1819K, capacity 1909K, committed 1920K, reserved 1048576K
}

Deoptimization events (10 events):
Event: 3.357 Thread 0x000000000233f000 Uncommon trap: reason=bimorphic action=maybe_recompile pc=0x0000000002d63778 method=java.util.concurrent.ConcurrentHashMap.get(Ljava/lang/Object;)Ljava/lang/Object; @ 149
Event: 3.364 Thread 0x000000000233f000 Uncommon trap: reason=bimorphic action=maybe_recompile pc=0x0000000002d63778 method=java.util.concurrent.ConcurrentHashMap.get(Ljava/lang/Object;)Ljava/lang/Object; @ 149
Event: 3.364 Thread 0x000000000233f000 Uncommon trap: reason=bimorphic action=maybe_recompile pc=0x0000000002d63778 method=java.util.concurrent.ConcurrentHashMap.get(Ljava/lang/Object;)Ljava/lang/Object; @ 149
Event: 3.437 Thread 0x000000000233f000 Uncommon trap: reason=bimorphic action=maybe_recompile pc=0x0000000002d53400 method=java.util.regex.Pattern$CharProperty.match(Ljava/util/regex/Matcher;ILjava/lang/CharSequence;)Z @ 37
Event: 3.533 Thread 0x000000000233f000 Uncommon trap: reason=predicate action=maybe_recompile pc=0x0000000002d50c18 method=java.nio.charset.CharsetDecoder.decode(Ljava/nio/ByteBuffer;Ljava/nio/CharBuffer;Z)Ljava/nio/charset/CoderResult; @ 54
Event: 3.533 Thread 0x000000000233f000 Uncommon trap: reason=predicate action=maybe_recompile pc=0x0000000002a6ed58 method=java.nio.charset.CharsetDecoder.decode(Ljava/nio/ByteBuffer;Ljava/nio/CharBuffer;Z)Ljava/nio/charset/CoderResult; @ 54
Event: 3.542 Thread 0x000000000233f000 Uncommon trap: reason=class_check action=maybe_recompile pc=0x0000000002f21220 method=org.apache.maven.model.interpolation.StringSearchModelInterpolator$InterpolateObjectAction$MapField.doInterpolate(Ljava/lang/Object;Lorg/apache/maven/model/interpolation
Event: 3.626 Thread 0x000000000233f000 Uncommon trap: reason=bimorphic action=maybe_recompile pc=0x0000000002d53400 method=java.util.regex.Pattern$CharProperty.match(Ljava/util/regex/Matcher;ILjava/lang/CharSequence;)Z @ 37
Event: 3.919 Thread 0x000000000233f000 Uncommon trap: reason=bimorphic action=maybe_recompile pc=0x0000000002d53400 method=java.util.regex.Pattern$CharProperty.match(Ljava/util/regex/Matcher;ILjava/lang/CharSequence;)Z @ 37
Event: 3.986 Thread 0x000000000233f000 Uncommon trap: reason=unstable_if action=reinterpret pc=0x0000000002b3d088 method=java.util.HashMap.hash(Ljava/lang/Object;)I @ 1

Internal exceptions (10 events):
Event: 1.981 Thread 0x000000000233f000 Exception <a 'java/lang/NullPointerException'> (0x000000076c76f160) thrown at [C:\re\workspace\8-2-build-windows-amd64-cygwin\jdk8u151\9699\hotspot\src\share\vm\interpreter\linkResolver.cpp, line 1183]
Event: 1.981 Thread 0x000000000233f000 Exception <a 'java/lang/NullPointerException'> (0x000000076c76f378) thrown at [C:\re\workspace\8-2-build-windows-amd64-cygwin\jdk8u151\9699\hotspot\src\share\vm\interpreter\linkResolver.cpp, line 1183]
Event: 1.981 Thread 0x000000000233f000 Exception <a 'java/lang/NullPointerException'> (0x000000076c76f590) thrown at [C:\re\workspace\8-2-build-windows-amd64-cygwin\jdk8u151\9699\hotspot\src\share\vm\interpreter\linkResolver.cpp, line 1183]
Event: 1.982 Thread 0x000000000233f000 Exception <a 'java/lang/NullPointerException'> (0x000000076c7876c8) thrown at [C:\re\workspace\8-2-build-windows-amd64-cygwin\jdk8u151\9699\hotspot\src\share\vm\interpreter\linkResolver.cpp, line 1183]
Event: 1.982 Thread 0x000000000233f000 Exception <a 'java/lang/NullPointerException'> (0x000000076c7878e0) thrown at [C:\re\workspace\8-2-build-windows-amd64-cygwin\jdk8u151\9699\hotspot\src\share\vm\interpreter\linkResolver.cpp, line 1183]
Event: 1.982 Thread 0x000000000233f000 Exception <a 'java/lang/NullPointerException'> (0x000000076c787af8) thrown at [C:\re\workspace\8-2-build-windows-amd64-cygwin\jdk8u151\9699\hotspot\src\share\vm\interpreter\linkResolver.cpp, line 1183]
Event: 2.254 Thread 0x000000000233f000 Implicit null exception at 0x0000000002b32d95 to 0x0000000002b32f99
Event: 2.254 Thread 0x000000000233f000 Implicit null exception at 0x0000000002af56ef to 0x0000000002af5759
Event: 2.416 Thread 0x000000000233f000 Implicit null exception at 0x0000000002e41cfb to 0x0000000002e43041
Event: 3.985 Thread 0x000000000233f000 Implicit null exception at 0x0000000002b3ca7b to 0x0000000002b3d06d

Events (10 events):
Event: 4.065 loading class org/apache/maven/plugin/war/util/PathSet done
Event: 4.066 loading class org/apache/maven/model/Dependency
Event: 4.066 loading class org/apache/maven/model/Dependency done
Event: 4.066 loading class org/apache/maven/model/Dependency
Event: 4.066 loading class org/apache/maven/model/Dependency done
Event: 4.074 loading class org/apache/maven/plugin/logging/Log
Event: 4.074 loading class org/apache/maven/plugin/logging/Log done
Event: 4.074 loading class org/apache/maven/plugin/logging/Log
Event: 4.074 loading class org/apache/maven/plugin/logging/Log done
Event: 4.076 loading class org/apache/maven/plugin/war/util/DependencyInfo


Dynamic libraries:
0x000000013fc80000 - 0x000000013fcb7000 	C:\Program Files\Java\jdk1.8.0_151\bin\javaw.exe
0x00000000779b0000 - 0x0000000077b59000 	C:\Windows\SYSTEM32\ntdll.dll
0x0000000077890000 - 0x00000000779af000 	C:\Windows\system32\kernel32.dll
0x000007fefda10000 - 0x000007fefda7b000 	C:\Windows\system32\KERNELBASE.dll
0x000007fefe5b0000 - 0x000007fefe68b000 	C:\Windows\system32\ADVAPI32.dll
0x000007fefdcd0000 - 0x000007fefdd6f000 	C:\Windows\system32\msvcrt.dll
0x000007fefe1c0000 - 0x000007fefe1df000 	C:\Windows\SYSTEM32\sechost.dll
0x000007fefebd0000 - 0x000007fefecfd000 	C:\Windows\system32\RPCRT4.dll
0x0000000077790000 - 0x000000007788a000 	C:\Windows\system32\USER32.dll
0x000007fefde10000 - 0x000007fefde77000 	C:\Windows\system32\GDI32.dll
0x000007fefe5a0000 - 0x000007fefe5ae000 	C:\Windows\system32\LPK.dll
0x000007fefe260000 - 0x000007fefe329000 	C:\Windows\system32\USP10.dll
0x000007fefd2d0000 - 0x000007fefd4c4000 	C:\Windows\WinSxS\amd64_microsoft.windows.common-controls_6595b64144ccf1df_6.0.7601.17514_none_fa396087175ac9ac\COMCTL32.dll
0x000007fefe1e0000 - 0x000007fefe251000 	C:\Windows\system32\SHLWAPI.dll
0x000007fefe570000 - 0x000007fefe59e000 	C:\Windows\system32\IMM32.DLL
0x000007feffb50000 - 0x000007feffc59000 	C:\Windows\system32\MSCTF.dll
0x0000000066ec0000 - 0x0000000066f92000 	C:\Program Files\Java\jdk1.8.0_151\jre\bin\msvcr100.dll
0x0000000066fa0000 - 0x000000006783d000 	C:\Program Files\Java\jdk1.8.0_151\jre\bin\server\jvm.dll
0x000007fef5770000 - 0x000007fef5779000 	C:\Windows\system32\WSOCK32.dll
0x000007feffc70000 - 0x000007feffcbd000 	C:\Windows\system32\WS2_32.dll
0x000007feffc60000 - 0x000007feffc68000 	C:\Windows\system32\NSI.dll
0x000007fefb630000 - 0x000007fefb66b000 	C:\Windows\system32\WINMM.dll
0x000007fefc420000 - 0x000007fefc42c000 	C:\Windows\system32\VERSION.dll
0x0000000077b80000 - 0x0000000077b87000 	C:\Windows\system32\PSAPI.DLL
0x0000000069cd0000 - 0x0000000069cdf000 	C:\Program Files\Java\jdk1.8.0_151\jre\bin\verify.dll
0x0000000066e90000 - 0x0000000066eb9000 	C:\Program Files\Java\jdk1.8.0_151\jre\bin\java.dll
0x0000000066e70000 - 0x0000000066e86000 	C:\Program Files\Java\jdk1.8.0_151\jre\bin\zip.dll
0x000007fefedc0000 - 0x000007feffb48000 	C:\Windows\system32\SHELL32.dll
0x000007fefe810000 - 0x000007fefea13000 	C:\Windows\system32\ole32.dll
0x000007fefd900000 - 0x000007fefd90f000 	C:\Windows\system32\profapi.dll
0x0000000066e50000 - 0x0000000066e6a000 	C:\Program Files\Java\jdk1.8.0_151\jre\bin\net.dll
0x000007fefce70000 - 0x000007fefcec5000 	C:\Windows\system32\mswsock.dll
0x000007fefce60000 - 0x000007fefce67000 	C:\Windows\System32\wship6.dll
0x0000000066e30000 - 0x0000000066e41000 	C:\Program Files\Java\jdk1.8.0_151\jre\bin\nio.dll
0x000007fef7000000 - 0x000007fef7125000 	C:\Windows\system32\dbghelp.dll

VM Arguments:
jvm_args: -Dmaven.home=EMBEDDED -Dclassworlds.conf=C:\Users\siddharth.koti\eclipse-workspace\.metadata\.plugins\org.eclipse.m2e.launching\launches\m2conf6419740997451698370.tmp -Dmaven.multiModuleProjectDirectory=C:\Users\siddharth.koti\eclipse-workspace\EmployeeForum -Dfile.encoding=UTF-8 
java_command: org.codehaus.plexus.classworlds.launcher.Launcher -B install
java_class_path (initial): C:\Users\siddharth.koti\.p2\pool\plugins\org.eclipse.m2e.maven.runtime_1.8.2.20171007-0216\jars\plexus-classworlds-2.5.2.jar
Launcher Type: SUN_STANDARD

Environment Variables:
JAVA_HOME=C:\Program Files\Java\jdk1.8.0_151
PATH=C:/Program Files/Java/jdk1.8.0_151/jre/bin/server;C:/Program Files/Java/jdk1.8.0_151/jre/bin;C:/Program Files/Java/jdk1.8.0_151/jre/lib/amd64;C:\Windows\system32;C:\Windows;C:\Windows\System32\Wbem;C:\Windows\System32\WindowsPowerShell\v1.0\;C:\Program Files\Git\cmd;C:\Program Files\Java\jdk1.8.0_151\bin;C:\Program Files\apache-maven-3.5.2-bin\apache-maven-3.5.2\bin;C:\Program Files\Java\jdk1.8.0_151\bin;C:\Program Files\Java\jdk1.8.0_151\bin;C:\Users\siddharth.koti\Desktop;
USERNAME=siddharth.koti
OS=Windows_NT
PROCESSOR_IDENTIFIER=Intel64 Family 6 Model 42 Stepping 7, GenuineIntel



---------------  S Y S T E M  ---------------

OS: Windows 7 , 64 bit Build 7601 (6.1.7601.17514)

CPU:total 4 (initial active 4) (2 cores per cpu, 2 threads per core) family 6 model 42 stepping 7, cmov, cx8, fxsr, mmx, sse, sse2, sse3, ssse3, sse4.1, sse4.2, popcnt, avx, clmul, ht, tsc, tscinvbit

Memory: 4k page, physical 16682168k(9924608k free), swap 33362492k(25309872k free)

vm_info: Java HotSpot(TM) 64-Bit Server VM (25.151-b12) for windows-amd64 JRE (1.8.0_151-b12), built on Sep  5 2017 19:33:46 by "java_re" with MS VC++ 10.0 (VS2010)

time: Sat Jan 13 00:03:38 2018
elapsed time: 4 seconds (0d 0h 0m 4s)

